<?xml version="1.0" encoding="UTF-8"?>
<!-- Generated by org.testng.reporters.JUnitReportReporter -->
<testsuite hostname="DESKTOP-KGD4NR0" failures="0" tests="1" name="com.qa.testcases.fightTraderTest" time="64.266" errors="0" timestamp="31 Jul 2021 07:14:53 GMT" skipped="0">
  <testcase classname="com.qa.testcases.fightTraderTest" name="flighttraderdata" time="64.266"/>
</testsuite> <!-- com.qa.testcases.fightTraderTest -->
